# JRE version: OpenJDK Runtime Environment (8.0_152-b01) (build 1.8.0_152-release-1343-b01)
# Java VM: OpenJDK 64-Bit Server VM (25.152-b01 mixed mode windows-amd64 compressed oops)
Heap:
 PSYoungGen      total 210944K, used 26145K [0x00000000e0000000, 0x00000000ee880000, 0x0000000100000000)
  eden space 193536K, 13% used [0x00000000e0000000,0x00000000e1988500,0x00000000ebd00000)
  from space 17408K, 0% used [0x00000000ed100000,0x00000000ed100000,0x00000000ee200000)
  to   space 20480K, 0% used [0x00000000ebd00000,0x00000000ebd00000,0x00000000ed100000)
 ParOldGen       total 279040K, used 36479K [0x00000000a0000000, 0x00000000b1080000, 0x00000000e0000000)
  object space 279040K, 13% used [0x00000000a0000000,0x00000000a239fe20,0x00000000b1080000)
 Metaspace       used 64272K, capacity 66014K, committed 67096K, reserved 1107968K
  class space    used 8691K, capacity 9050K, committed 9240K, reserved 1048576K
GC Heap History (10 events):
Event: 5.068 GC heap before
{Heap before GC invocations=11 (full 3):
 PSYoungGen      total 210944K, used 17382K [0x00000000e0000000, 0x00000000ee880000, 0x0000000100000000)
  eden space 193536K, 0% used [0x00000000e0000000,0x00000000e0000000,0x00000000ebd00000)
  from space 17408K, 99% used [0x00000000ed100000,0x00000000ee1f9968,0x00000000ee200000)
  to   space 20480K, 0% used [0x00000000ebd00000,0x00000000ebd00000,0x00000000ed100000)
 ParOldGen       total 182272K, used 23148K [0x00000000a0000000, 0x00000000ab200000, 0x00000000e0000000)
  object space 182272K, 12% used [0x00000000a0000000,0x00000000a169b1c8,0x00000000ab200000)
 Metaspace       used 57581K, capacity 59038K, committed 59160K, reserved 1099776K
  class space    used 7738K, capacity 8118K, committed 8216K, reserved 1048576K
Event: 5.257 GC heap after
Heap after GC invocations=11 (full 3):
 PSYoungGen      total 210944K, used 0K [0x00000000e0000000, 0x00000000ee880000, 0x0000000100000000)
  eden space 193536K, 0% used [0x00000000e0000000,0x00000000e0000000,0x00000000ebd00000)
  from space 17408K, 0% used [0x00000000ed100000,0x00000000ed100000,0x00000000ee200000)
  to   space 20480K, 0% used [0x00000000ebd00000,0x00000000ebd00000,0x00000000ed100000)
 ParOldGen       total 279040K, used 34584K [0x00000000a0000000, 0x00000000b1080000, 0x00000000e0000000)
  object space 279040K, 12% used [0x00000000a0000000,0x00000000a21c62e0,0x00000000b1080000)
 Metaspace       used 57581K, capacity 59038K, committed 59160K, reserved 1099776K
  class space    used 7738K, capacity 8118K, committed 8216K, reserved 1048576K
}
Event: 6.409 GC heap before
{Heap before GC invocations=12 (full 3):
 PSYoungGen      total 210944K, used 159501K [0x00000000e0000000, 0x00000000ee880000, 0x0000000100000000)
  eden space 193536K, 82% used [0x00000000e0000000,0x00000000e9bc36d0,0x00000000ebd00000)
  from space 17408K, 0% used [0x00000000ed100000,0x00000000ed100000,0x00000000ee200000)
  to   space 20480K, 0% used [0x00000000ebd00000,0x00000000ebd00000,0x00000000ed100000)
 ParOldGen       total 279040K, used 34584K [0x00000000a0000000, 0x00000000b1080000, 0x00000000e0000000)
  object space 279040K, 12% used [0x00000000a0000000,0x00000000a21c62e0,0x00000000b1080000)
 Metaspace       used 63712K, capacity 65860K, committed 65944K, reserved 1110016K
  class space    used 8608K, capacity 9051K, committed 9112K, reserved 1048576K
Event: 6.419 GC heap after
Heap after GC invocations=12 (full 3):
 PSYoungGen      total 214016K, used 16434K [0x00000000e0000000, 0x00000000ee880000, 0x0000000100000000)
  eden space 193536K, 0% used [0x00000000e0000000,0x00000000e0000000,0x00000000ebd00000)
  from space 20480K, 80% used [0x00000000ebd00000,0x00000000ecd0c938,0x00000000ed100000)
  to   space 17408K, 0% used [0x00000000ed100000,0x00000000ed100000,0x00000000ee200000)
 ParOldGen       total 279040K, used 34592K [0x00000000a0000000, 0x00000000b1080000, 0x00000000e0000000)
  object space 279040K, 12% used [0x00000000a0000000,0x00000000a21c82e0,0x00000000b1080000)
 Metaspace       used 63712K, capacity 65860K, committed 65944K, reserved 1110016K
  class space    used 8608K, capacity 9051K, committed 9112K, reserved 1048576K
}
Event: 6.419 GC heap before
{Heap before GC invocations=13 (full 4):
 PSYoungGen      total 214016K, used 16434K [0x00000000e0000000, 0x00000000ee880000, 0x0000000100000000)
  eden space 193536K, 0% used [0x00000000e0000000,0x00000000e0000000,0x00000000ebd00000)
  from space 20480K, 80% used [0x00000000ebd00000,0x00000000ecd0c938,0x00000000ed100000)
  to   space 17408K, 0% used [0x00000000ed100000,0x00000000ed100000,0x00000000ee200000)
 ParOldGen       total 279040K, used 34592K [0x00000000a0000000, 0x00000000b1080000, 0x00000000e0000000)
  object space 279040K, 12% used [0x00000000a0000000,0x00000000a21c82e0,0x00000000b1080000)
 Metaspace       used 63712K, capacity 65860K, committed 65944K, reserved 1110016K
  class space    used 8608K, capacity 9051K, committed 9112K, reserved 1048576K
Event: 6.504 GC heap after
Heap after GC invocations=13 (full 4):
 PSYoungGen      total 214016K, used 0K [0x00000000e0000000, 0x00000000ee880000, 0x0000000100000000)
  eden space 193536K, 0% used [0x00000000e0000000,0x00000000e0000000,0x00000000ebd00000)
  from space 20480K, 0% used [0x00000000ebd00000,0x00000000ebd00000,0x00000000ed100000)
  to   space 17408K, 0% used [0x00000000ed100000,0x00000000ed100000,0x00000000ee200000)
 ParOldGen       total 279040K, used 43455K [0x00000000a0000000, 0x00000000b1080000, 0x00000000e0000000)
  object space 279040K, 15% used [0x00000000a0000000,0x00000000a2a6ff90,0x00000000b1080000)
 Metaspace       used 63595K, capacity 65514K, committed 65944K, reserved 1107968K
  class space    used 8574K, capacity 8988K, committed 9112K, reserved 1048576K
}
Event: 6.504 GC heap before
{Heap before GC invocations=14 (full 4):
 PSYoungGen      total 214016K, used 0K [0x00000000e0000000, 0x00000000ee880000, 0x0000000100000000)
  eden space 193536K, 0% used [0x00000000e0000000,0x00000000e0000000,0x00000000ebd00000)
  from space 20480K, 0% used [0x00000000ebd00000,0x00000000ebd00000,0x00000000ed100000)
  to   space 17408K, 0% used [0x00000000ed100000,0x00000000ed100000,0x00000000ee200000)
 ParOldGen       total 279040K, used 43455K [0x00000000a0000000, 0x00000000b1080000, 0x00000000e0000000)
  object space 279040K, 15% used [0x00000000a0000000,0x00000000a2a6ff90,0x00000000b1080000)
 Metaspace       used 63595K, capacity 65514K, committed 65944K, reserved 1112064K
  class space    used 8574K, capacity 8988K, committed 9112K, reserved 1048576K
Event: 6.506 GC heap after
Heap after GC invocations=14 (full 4):
 PSYoungGen      total 210944K, used 0K [0x00000000e0000000, 0x00000000ee880000, 0x0000000100000000)
  eden space 193536K, 0% used [0x00000000e0000000,0x00000000e0000000,0x00000000ebd00000)
  from space 17408K, 0% used [0x00000000ed100000,0x00000000ed100000,0x00000000ee200000)
  to   space 20480K, 0% used [0x00000000ebd00000,0x00000000ebd00000,0x00000000ed100000)
 ParOldGen       total 279040K, used 43455K [0x00000000a0000000, 0x00000000b1080000, 0x00000000e0000000)
  object space 279040K, 15% used [0x00000000a0000000,0x00000000a2a6ff90,0x00000000b1080000)
 Metaspace       used 63595K, capacity 65514K, committed 65944K, reserved 1112064K
  class space    used 8574K, capacity 8988K, committed 9112K, reserved 1048576K
}
Event: 6.506 GC heap before
{Heap before GC invocations=15 (full 5):
 PSYoungGen      total 210944K, used 0K [0x00000000e0000000, 0x00000000ee880000, 0x0000000100000000)
  eden space 193536K, 0% used [0x00000000e0000000,0x00000000e0000000,0x00000000ebd00000)
  from space 17408K, 0% used [0x00000000ed100000,0x00000000ed100000,0x00000000ee200000)
  to   space 20480K, 0% used [0x00000000ebd00000,0x00000000ebd00000,0x00000000ed100000)
 ParOldGen       total 279040K, used 43455K [0x00000000a0000000, 0x00000000b1080000, 0x00000000e0000000)
  object space 279040K, 15% used [0x00000000a0000000,0x00000000a2a6ff90,0x00000000b1080000)
 Metaspace       used 63595K, capacity 65514K, committed 65944K, reserved 1112064K
  class space    used 8574K, capacity 8988K, committed 9112K, reserved 1048576K
Event: 6.663 GC heap after
Heap after GC invocations=15 (full 5):
 PSYoungGen      total 210944K, used 0K [0x00000000e0000000, 0x00000000ee880000, 0x0000000100000000)
  eden space 193536K, 0% used [0x00000000e0000000,0x00000000e0000000,0x00000000ebd00000)
  from space 17408K, 0% used [0x00000000ed100000,0x00000000ed100000,0x00000000ee200000)
  to   space 20480K, 0% used [0x00000000ebd00000,0x00000000ebd00000,0x00000000ed100000)
 ParOldGen       total 279040K, used 36479K [0x00000000a0000000, 0x00000000b1080000, 0x00000000e0000000)
  object space 279040K, 13% used [0x00000000a0000000,0x00000000a239fe20,0x00000000b1080000)
 Metaspace       used 63139K, capacity 64746K, committed 65944K, reserved 1107968K
  class space    used 8494K, capacity 8840K, committed 9112K, reserved 1048576K
}

