# JRE version: OpenJDK Runtime Environment (8.0_152-b01) (build 1.8.0_152-release-1343-b01)
# Java VM: OpenJDK 64-Bit Server VM (25.152-b01 mixed mode windows-amd64 compressed oops)
Heap:
 PSYoungGen      total 207872K, used 10853K [0x00000000e0000000, 0x00000000ee580000, 0x0000000100000000)
  eden space 190976K, 5% used [0x00000000e0000000,0x00000000e0a997b8,0x00000000eba80000)
  from space 16896K, 0% used [0x00000000ece80000,0x00000000ece80000,0x00000000edf00000)
  to   space 20480K, 0% used [0x00000000eba80000,0x00000000eba80000,0x00000000ece80000)
 ParOldGen       total 282112K, used 34572K [0x00000000a0000000, 0x00000000b1380000, 0x00000000e0000000)
  object space 282112K, 12% used [0x00000000a0000000,0x00000000a21c3048,0x00000000b1380000)
 Metaspace       used 58284K, capacity 59974K, committed 60312K, reserved 1103872K
  class space    used 7842K, capacity 8238K, committed 8344K, reserved 1048576K
GC Heap History (10 events):
Event: 3.331 GC heap before
{Heap before GC invocations=7 (full 1):
 PSYoungGen      total 138752K, used 31925K [0x00000000e0000000, 0x00000000eaa00000, 0x0000000100000000)
  eden space 128000K, 16% used [0x00000000e0000000,0x00000000e14b3968,0x00000000e7d00000)
  from space 10752K, 99% used [0x00000000e7d00000,0x00000000e8779ad8,0x00000000e8780000)
  to   space 13824K, 0% used [0x00000000e9c80000,0x00000000e9c80000,0x00000000eaa00000)
 ParOldGen       total 112128K, used 11855K [0x00000000a0000000, 0x00000000a6d80000, 0x00000000e0000000)
  object space 112128K, 10% used [0x00000000a0000000,0x00000000a0b93da0,0x00000000a6d80000)
 Metaspace       used 34634K, capacity 35464K, committed 35496K, reserved 1079296K
  class space    used 4771K, capacity 5007K, committed 5032K, reserved 1048576K
Event: 3.337 GC heap after
Heap after GC invocations=7 (full 1):
 PSYoungGen      total 160768K, used 9700K [0x00000000e0000000, 0x00000000edb00000, 0x0000000100000000)
  eden space 146944K, 0% used [0x00000000e0000000,0x00000000e0000000,0x00000000e8f80000)
  from space 13824K, 70% used [0x00000000e9c80000,0x00000000ea5f9320,0x00000000eaa00000)
  to   space 13312K, 0% used [0x00000000e8f80000,0x00000000e8f80000,0x00000000e9c80000)
 ParOldGen       total 112128K, used 11863K [0x00000000a0000000, 0x00000000a6d80000, 0x00000000e0000000)
  object space 112128K, 10% used [0x00000000a0000000,0x00000000a0b95da0,0x00000000a6d80000)
 Metaspace       used 34634K, capacity 35464K, committed 35496K, reserved 1079296K
  class space    used 4771K, capacity 5007K, committed 5032K, reserved 1048576K
}
Event: 3.337 GC heap before
{Heap before GC invocations=8 (full 2):
 PSYoungGen      total 160768K, used 9700K [0x00000000e0000000, 0x00000000edb00000, 0x0000000100000000)
  eden space 146944K, 0% used [0x00000000e0000000,0x00000000e0000000,0x00000000e8f80000)
  from space 13824K, 70% used [0x00000000e9c80000,0x00000000ea5f9320,0x00000000eaa00000)
  to   space 13312K, 0% used [0x00000000e8f80000,0x00000000e8f80000,0x00000000e9c80000)
 ParOldGen       total 112128K, used 11863K [0x00000000a0000000, 0x00000000a6d80000, 0x00000000e0000000)
  object space 112128K, 10% used [0x00000000a0000000,0x00000000a0b95da0,0x00000000a6d80000)
 Metaspace       used 34634K, capacity 35464K, committed 35496K, reserved 1079296K
  class space    used 4771K, capacity 5007K, committed 5032K, reserved 1048576K
Event: 3.404 GC heap after
Heap after GC invocations=8 (full 2):
 PSYoungGen      total 160768K, used 0K [0x00000000e0000000, 0x00000000edb00000, 0x0000000100000000)
  eden space 146944K, 0% used [0x00000000e0000000,0x00000000e0000000,0x00000000e8f80000)
  from space 13824K, 0% used [0x00000000e9c80000,0x00000000e9c80000,0x00000000eaa00000)
  to   space 13312K, 0% used [0x00000000e8f80000,0x00000000e8f80000,0x00000000e9c80000)
 ParOldGen       total 183808K, used 16734K [0x00000000a0000000, 0x00000000ab380000, 0x00000000e0000000)
  object space 183808K, 9% used [0x00000000a0000000,0x00000000a1057858,0x00000000ab380000)
 Metaspace       used 34598K, capacity 35344K, committed 35496K, reserved 1079296K
  class space    used 4760K, capacity 4987K, committed 5032K, reserved 1048576K
}
Event: 4.488 GC heap before
{Heap before GC invocations=9 (full 2):
 PSYoungGen      total 160768K, used 146944K [0x00000000e0000000, 0x00000000edb00000, 0x0000000100000000)
  eden space 146944K, 100% used [0x00000000e0000000,0x00000000e8f80000,0x00000000e8f80000)
  from space 13824K, 0% used [0x00000000e9c80000,0x00000000e9c80000,0x00000000eaa00000)
  to   space 13312K, 0% used [0x00000000e8f80000,0x00000000e8f80000,0x00000000e9c80000)
 ParOldGen       total 183808K, used 16734K [0x00000000a0000000, 0x00000000ab380000, 0x00000000e0000000)
  object space 183808K, 9% used [0x00000000a0000000,0x00000000a1057858,0x00000000ab380000)
 Metaspace       used 47579K, capacity 48646K, committed 49064K, reserved 1091584K
  class space    used 6430K, capacity 6716K, committed 6824K, reserved 1048576K
Event: 4.502 GC heap after
Heap after GC invocations=9 (full 2):
 PSYoungGen      total 160256K, used 13287K [0x00000000e0000000, 0x00000000edf00000, 0x0000000100000000)
  eden space 146944K, 0% used [0x00000000e0000000,0x00000000e0000000,0x00000000e8f80000)
  from space 13312K, 99% used [0x00000000e8f80000,0x00000000e9c79db0,0x00000000e9c80000)
  to   space 16896K, 0% used [0x00000000ece80000,0x00000000ece80000,0x00000000edf00000)
 ParOldGen       total 183808K, used 21444K [0x00000000a0000000, 0x00000000ab380000, 0x00000000e0000000)
  object space 183808K, 11% used [0x00000000a0000000,0x00000000a14f12e0,0x00000000ab380000)
 Metaspace       used 47579K, capacity 48646K, committed 49064K, reserved 1091584K
  class space    used 6430K, capacity 6716K, committed 6824K, reserved 1048576K
}
Event: 5.323 GC heap before
{Heap before GC invocations=10 (full 2):
 PSYoungGen      total 160256K, used 121156K [0x00000000e0000000, 0x00000000edf00000, 0x0000000100000000)
  eden space 146944K, 73% used [0x00000000e0000000,0x00000000e6957448,0x00000000e8f80000)
  from space 13312K, 99% used [0x00000000e8f80000,0x00000000e9c79db0,0x00000000e9c80000)
  to   space 16896K, 0% used [0x00000000ece80000,0x00000000ece80000,0x00000000edf00000)
 ParOldGen       total 183808K, used 21444K [0x00000000a0000000, 0x00000000ab380000, 0x00000000e0000000)
  object space 183808K, 11% used [0x00000000a0000000,0x00000000a14f12e0,0x00000000ab380000)
 Metaspace       used 57599K, capacity 59054K, committed 59160K, reserved 1099776K
  class space    used 7741K, capacity 8118K, committed 8216K, reserved 1048576K
Event: 5.334 GC heap after
Heap after GC invocations=10 (full 2):
 PSYoungGen      total 207872K, used 16884K [0x00000000e0000000, 0x00000000ee580000, 0x0000000100000000)
  eden space 190976K, 0% used [0x00000000e0000000,0x00000000e0000000,0x00000000eba80000)
  from space 16896K, 99% used [0x00000000ece80000,0x00000000edefd148,0x00000000edf00000)
  to   space 20480K, 0% used [0x00000000eba80000,0x00000000eba80000,0x00000000ece80000)
 ParOldGen       total 183808K, used 24219K [0x00000000a0000000, 0x00000000ab380000, 0x00000000e0000000)
  object space 183808K, 13% used [0x00000000a0000000,0x00000000a17a6e38,0x00000000ab380000)
 Metaspace       used 57599K, capacity 59054K, committed 59160K, reserved 1099776K
  class space    used 7741K, capacity 8118K, committed 8216K, reserved 1048576K
}
Event: 5.334 GC heap before
{Heap before GC invocations=11 (full 3):
 PSYoungGen      total 207872K, used 16884K [0x00000000e0000000, 0x00000000ee580000, 0x0000000100000000)
  eden space 190976K, 0% used [0x00000000e0000000,0x00000000e0000000,0x00000000eba80000)
  from space 16896K, 99% used [0x00000000ece80000,0x00000000edefd148,0x00000000edf00000)
  to   space 20480K, 0% used [0x00000000eba80000,0x00000000eba80000,0x00000000ece80000)
 ParOldGen       total 183808K, used 24219K [0x00000000a0000000, 0x00000000ab380000, 0x00000000e0000000)
  object space 183808K, 13% used [0x00000000a0000000,0x00000000a17a6e38,0x00000000ab380000)
 Metaspace       used 57599K, capacity 59054K, committed 59160K, reserved 1099776K
  class space    used 7741K, capacity 8118K, committed 8216K, reserved 1048576K
Event: 5.519 GC heap after
Heap after GC invocations=11 (full 3):
 PSYoungGen      total 207872K, used 0K [0x00000000e0000000, 0x00000000ee580000, 0x0000000100000000)
  eden space 190976K, 0% used [0x00000000e0000000,0x00000000e0000000,0x00000000eba80000)
  from space 16896K, 0% used [0x00000000ece80000,0x00000000ece80000,0x00000000edf00000)
  to   space 20480K, 0% used [0x00000000eba80000,0x00000000eba80000,0x00000000ece80000)
 ParOldGen       total 282112K, used 34572K [0x00000000a0000000, 0x00000000b1380000, 0x00000000e0000000)
  object space 282112K, 12% used [0x00000000a0000000,0x00000000a21c3048,0x00000000b1380000)
 Metaspace       used 57599K, capacity 59054K, committed 59160K, reserved 1099776K
  class space    used 7741K, capacity 8118K, committed 8216K, reserved 1048576K
}

