# JRE version: OpenJDK Runtime Environment (8.0_152-b01) (build 1.8.0_152-release-1343-b01)
# Java VM: OpenJDK 64-Bit Server VM (25.152-b01 mixed mode windows-amd64 compressed oops)
Heap:
 PSYoungGen      total 143872K, used 114674K [0x00000000e0000000, 0x00000000ec680000, 0x0000000100000000)
  eden space 125440K, 76% used [0x00000000e0000000,0x00000000e5dfe7c8,0x00000000e7a80000)
  from space 18432K, 99% used [0x00000000e7a80000,0x00000000e8c7e070,0x00000000e8c80000)
  to   space 29184K, 0% used [0x00000000eaa00000,0x00000000eaa00000,0x00000000ec680000)
 ParOldGen       total 187392K, used 56831K [0x00000000a0000000, 0x00000000ab700000, 0x00000000e0000000)
  object space 187392K, 30% used [0x00000000a0000000,0x00000000a377fd08,0x00000000ab700000)
 Metaspace       used 77147K, capacity 81182K, committed 81304K, reserved 1120256K
  class space    used 10580K, capacity 11342K, committed 11416K, reserved 1048576K
GC Heap History (10 events):
Event: 15.602 GC heap before
{Heap before GC invocations=12 (full 2):
 PSYoungGen      total 96768K, used 56344K [0x00000000e0000000, 0x00000000e8980000, 0x0000000100000000)
  eden space 83456K, 51% used [0x00000000e0000000,0x00000000e2a097f0,0x00000000e5180000)
  from space 13312K, 99% used [0x00000000e5180000,0x00000000e5e7ca30,0x00000000e5e80000)
  to   space 15360K, 0% used [0x00000000e7a80000,0x00000000e7a80000,0x00000000e8980000)
 ParOldGen       total 129536K, used 20192K [0x00000000a0000000, 0x00000000a7e80000, 0x00000000e0000000)
  object space 129536K, 15% used [0x00000000a0000000,0x00000000a13b8218,0x00000000a7e80000)
 Metaspace       used 57551K, capacity 59048K, committed 59160K, reserved 1099776K
  class space    used 7726K, capacity 8123K, committed 8216K, reserved 1048576K
Event: 15.611 GC heap after
Heap after GC invocations=12 (full 2):
 PSYoungGen      total 123904K, used 15349K [0x00000000e0000000, 0x00000000e8f80000, 0x0000000100000000)
  eden space 108544K, 0% used [0x00000000e0000000,0x00000000e0000000,0x00000000e6a00000)
  from space 15360K, 99% used [0x00000000e7a80000,0x00000000e897d6c8,0x00000000e8980000)
  to   space 16896K, 0% used [0x00000000e6a00000,0x00000000e6a00000,0x00000000e7a80000)
 ParOldGen       total 129536K, used 20545K [0x00000000a0000000, 0x00000000a7e80000, 0x00000000e0000000)
  object space 129536K, 15% used [0x00000000a0000000,0x00000000a14107f8,0x00000000a7e80000)
 Metaspace       used 57551K, capacity 59048K, committed 59160K, reserved 1099776K
  class space    used 7726K, capacity 8123K, committed 8216K, reserved 1048576K
}
Event: 15.611 GC heap before
{Heap before GC invocations=13 (full 3):
 PSYoungGen      total 123904K, used 15349K [0x00000000e0000000, 0x00000000e8f80000, 0x0000000100000000)
  eden space 108544K, 0% used [0x00000000e0000000,0x00000000e0000000,0x00000000e6a00000)
  from space 15360K, 99% used [0x00000000e7a80000,0x00000000e897d6c8,0x00000000e8980000)
  to   space 16896K, 0% used [0x00000000e6a00000,0x00000000e6a00000,0x00000000e7a80000)
 ParOldGen       total 129536K, used 20545K [0x00000000a0000000, 0x00000000a7e80000, 0x00000000e0000000)
  object space 129536K, 15% used [0x00000000a0000000,0x00000000a14107f8,0x00000000a7e80000)
 Metaspace       used 57551K, capacity 59048K, committed 59160K, reserved 1099776K
  class space    used 7726K, capacity 8123K, committed 8216K, reserved 1048576K
Event: 15.805 GC heap after
Heap after GC invocations=13 (full 3):
 PSYoungGen      total 123904K, used 0K [0x00000000e0000000, 0x00000000e8f80000, 0x0000000100000000)
  eden space 108544K, 0% used [0x00000000e0000000,0x00000000e0000000,0x00000000e6a00000)
  from space 15360K, 0% used [0x00000000e7a80000,0x00000000e7a80000,0x00000000e8980000)
  to   space 16896K, 0% used [0x00000000e6a00000,0x00000000e6a00000,0x00000000e7a80000)
 ParOldGen       total 187392K, used 30733K [0x00000000a0000000, 0x00000000ab700000, 0x00000000e0000000)
  object space 187392K, 16% used [0x00000000a0000000,0x00000000a1e03648,0x00000000ab700000)
 Metaspace       used 57551K, capacity 59048K, committed 59160K, reserved 1099776K
  class space    used 7726K, capacity 8123K, committed 8216K, reserved 1048576K
}
Event: 16.704 GC heap before
{Heap before GC invocations=14 (full 3):
 PSYoungGen      total 123904K, used 108544K [0x00000000e0000000, 0x00000000e8f80000, 0x0000000100000000)
  eden space 108544K, 100% used [0x00000000e0000000,0x00000000e6a00000,0x00000000e6a00000)
  from space 15360K, 0% used [0x00000000e7a80000,0x00000000e7a80000,0x00000000e8980000)
  to   space 16896K, 0% used [0x00000000e6a00000,0x00000000e6a00000,0x00000000e7a80000)
 ParOldGen       total 187392K, used 30733K [0x00000000a0000000, 0x00000000ab700000, 0x00000000e0000000)
  object space 187392K, 16% used [0x00000000a0000000,0x00000000a1e03648,0x00000000ab700000)
 Metaspace       used 62315K, capacity 64392K, committed 64792K, reserved 1105920K
  class space    used 8413K, capacity 8879K, committed 8984K, reserved 1048576K
Event: 16.713 GC heap after
Heap after GC invocations=14 (full 3):
 PSYoungGen      total 125440K, used 10833K [0x00000000e0000000, 0x00000000e9d80000, 0x0000000100000000)
  eden space 108544K, 0% used [0x00000000e0000000,0x00000000e0000000,0x00000000e6a00000)
  from space 16896K, 64% used [0x00000000e6a00000,0x00000000e74944e8,0x00000000e7a80000)
  to   space 16384K, 0% used [0x00000000e8d80000,0x00000000e8d80000,0x00000000e9d80000)
 ParOldGen       total 187392K, used 30741K [0x00000000a0000000, 0x00000000ab700000, 0x00000000e0000000)
  object space 187392K, 16% used [0x00000000a0000000,0x00000000a1e05648,0x00000000ab700000)
 Metaspace       used 62315K, capacity 64392K, committed 64792K, reserved 1105920K
  class space    used 8413K, capacity 8879K, committed 8984K, reserved 1048576K
}
Event: 23.169 GC heap before
{Heap before GC invocations=15 (full 3):
 PSYoungGen      total 125440K, used 119377K [0x00000000e0000000, 0x00000000e9d80000, 0x0000000100000000)
  eden space 108544K, 100% used [0x00000000e0000000,0x00000000e6a00000,0x00000000e6a00000)
  from space 16896K, 64% used [0x00000000e6a00000,0x00000000e74944e8,0x00000000e7a80000)
  to   space 16384K, 0% used [0x00000000e8d80000,0x00000000e8d80000,0x00000000e9d80000)
 ParOldGen       total 187392K, used 30741K [0x00000000a0000000, 0x00000000ab700000, 0x00000000e0000000)
  object space 187392K, 16% used [0x00000000a0000000,0x00000000a1e05648,0x00000000ab700000)
 Metaspace       used 67388K, capacity 69680K, committed 69912K, reserved 1110016K
  class space    used 9181K, capacity 9671K, committed 9752K, reserved 1048576K
Event: 23.180 GC heap after
Heap after GC invocations=15 (full 3):
 PSYoungGen      total 141824K, used 16377K [0x00000000e0000000, 0x00000000e9e80000, 0x0000000100000000)
  eden space 125440K, 0% used [0x00000000e0000000,0x00000000e0000000,0x00000000e7a80000)
  from space 16384K, 99% used [0x00000000e8d80000,0x00000000e9d7e400,0x00000000e9d80000)
  to   space 18432K, 0% used [0x00000000e7a80000,0x00000000e7a80000,0x00000000e8c80000)
 ParOldGen       total 187392K, used 32295K [0x00000000a0000000, 0x00000000ab700000, 0x00000000e0000000)
  object space 187392K, 17% used [0x00000000a0000000,0x00000000a1f89c18,0x00000000ab700000)
 Metaspace       used 67388K, capacity 69680K, committed 69912K, reserved 1110016K
  class space    used 9181K, capacity 9671K, committed 9752K, reserved 1048576K
}
Event: 25.125 GC heap before
{Heap before GC invocations=16 (full 3):
 PSYoungGen      total 141824K, used 141817K [0x00000000e0000000, 0x00000000e9e80000, 0x0000000100000000)
  eden space 125440K, 100% used [0x00000000e0000000,0x00000000e7a80000,0x00000000e7a80000)
  from space 16384K, 99% used [0x00000000e8d80000,0x00000000e9d7e400,0x00000000e9d80000)
  to   space 18432K, 0% used [0x00000000e7a80000,0x00000000e7a80000,0x00000000e8c80000)
 ParOldGen       total 187392K, used 32295K [0x00000000a0000000, 0x00000000ab700000, 0x00000000e0000000)
  object space 187392K, 17% used [0x00000000a0000000,0x00000000a1f89c18,0x00000000ab700000)
 Metaspace       used 76718K, capacity 80736K, committed 81048K, reserved 1118208K
  class space    used 10575K, capacity 11341K, committed 11416K, reserved 1048576K
Event: 25.146 GC heap after
Heap after GC invocations=16 (full 3):
 PSYoungGen      total 143872K, used 18424K [0x00000000e0000000, 0x00000000ec680000, 0x0000000100000000)
  eden space 125440K, 0% used [0x00000000e0000000,0x00000000e0000000,0x00000000e7a80000)
  from space 18432K, 99% used [0x00000000e7a80000,0x00000000e8c7e070,0x00000000e8c80000)
  to   space 29184K, 0% used [0x00000000eaa00000,0x00000000eaa00000,0x00000000ec680000)
 ParOldGen       total 187392K, used 56831K [0x00000000a0000000, 0x00000000ab700000, 0x00000000e0000000)
  object space 187392K, 30% used [0x00000000a0000000,0x00000000a377fd08,0x00000000ab700000)
 Metaspace       used 76718K, capacity 80736K, committed 81048K, reserved 1118208K
  class space    used 10575K, capacity 11341K, committed 11416K, reserved 1048576K
}

